This file contains any messages produced by compilers while
running configure, to aid debugging if configure makes a mistake.

It was created by libasprintf configure 1.0, which was
generated by GNU Autoconf 2.69.  Invocation command line was

  $ ./configure --disable-option-checking --prefix=/home/hdmsofob/gettext --cache-file=/dev/null --srcdir=.

## --------- ##
## Platform. ##
## --------- ##

hostname = s3181.fra1.stableserver.net
uname -m = x86_64
uname -r = 4.18.0-513.11.1.lve.el8.x86_64
uname -s = Linux
uname -v = #1 SMP Thu Jan 18 16:21:02 UTC 2024

/usr/bin/uname -p = x86_64
/bin/uname -X     = unknown

/bin/arch              = x86_64
/usr/bin/arch -k       = unknown
/usr/convex/getsysinfo = unknown
/usr/bin/hostinfo      = unknown
/bin/machine           = unknown
/usr/bin/oslevel       = unknown
/bin/universe          = unknown

PATH: /home/hdmsofob/virtualenv/gaddisa/3.12/bin
PATH: /home/hdmsofob/.local/bin
PATH: /home/hdmsofob/.local/bin
PATH: /home/hdmsofob/bin
PATH: /usr/local/cpanel/3rdparty/lib/path-bin
PATH: /usr/share/Modules/bin
PATH: /usr/local/cpanel/3rdparty/lib/path-bin
PATH: /usr/local/jdk/bin
PATH: /usr/kerberos/sbin
PATH: /usr/kerberos/bin
PATH: /usr/local/sbin
PATH: /usr/local/bin
PATH: /sbin
PATH: /bin
PATH: /usr/sbin
PATH: /usr/bin
PATH: /usr/X11R6/bin
PATH: /usr/local/bin
PATH: /usr/X11R6/bin
PATH: /root/bin
PATH: /opt/bin
PATH: /opt/cpanel/composer/bin
PATH: /opt/sp_scripts


## ----------- ##
## Core tests. ##
## ----------- ##

configure:2716: checking for a BSD-compatible install
configure:2784: result: /bin/install -c
configure:2795: checking whether build environment is sane
configure:2850: result: yes
configure:3001: checking for a thread-safe mkdir -p
configure:3040: result: /bin/mkdir -p
configure:3047: checking for gawk
configure:3063: found /bin/gawk
configure:3074: result: gawk
configure:3085: checking whether make sets $(MAKE)
configure:3107: result: yes
configure:3136: checking whether make supports nested variables
configure:3153: result: yes
configure:3330: checking for gcc
configure:3346: found /bin/gcc
configure:3357: result: gcc
configure:3680: checking for C compiler version
configure:3689: gcc --version >&5
gcc (GCC) 8.5.0 20210514 (Red Hat 8.5.0-26)
Copyright (C) 2018 Free Software Foundation, Inc.
This is free software; see the source for copying conditions.  There is NO
warranty; not even for MERCHANTABILITY or FITNESS FOR A PARTICULAR PURPOSE.

configure:3700: $? = 0
configure:3689: gcc -v >&5
Using built-in specs.
COLLECT_GCC=gcc
COLLECT_LTO_WRAPPER=/usr/libexec/gcc/x86_64-redhat-linux/8/lto-wrapper
OFFLOAD_TARGET_NAMES=nvptx-none
OFFLOAD_TARGET_DEFAULT=1
Target: x86_64-redhat-linux
Configured with: ../configure --enable-bootstrap --enable-languages=c,c++,fortran,lto --prefix=/usr --mandir=/usr/share/man --infodir=/usr/share/info --with-bugurl=http://bugs.almalinux.org/ --enable-shared --enable-threads=posix --enable-checking=release --enable-multilib --with-system-zlib --enable-__cxa_atexit --disable-libunwind-exceptions --enable-gnu-unique-object --enable-linker-build-id --with-gcc-major-version-only --with-linker-hash-style=gnu --enable-plugin --enable-initfini-array --with-isl --disable-libmpx --enable-offload-targets=nvptx-none --without-cuda-driver --enable-gnu-indirect-function --enable-cet --with-tune=generic --with-arch_32=x86-64 --build=x86_64-redhat-linux
Thread model: posix
gcc version 8.5.0 20210514 (Red Hat 8.5.0-26) (GCC) 
configure:3700: $? = 0
configure:3689: gcc -V >&5
gcc: error: unrecognized command line option '-V'
gcc: fatal error: no input files
compilation terminated.
configure:3700: $? = 1
configure:3689: gcc -qversion >&5
gcc: error: unrecognized command line option '-qversion'; did you mean '--version'?
gcc: fatal error: no input files
compilation terminated.
configure:3700: $? = 1
configure:3689: gcc -version >&5
gcc: error: unrecognized command line option '-version'
gcc: fatal error: no input files
compilation terminated.
configure:3700: $? = 1
configure:3720: checking whether the C compiler works
configure:3742: gcc    conftest.c  >&5
configure:3746: $? = 0
configure:3794: result: yes
configure:3797: checking for C compiler default output file name
configure:3799: result: a.out
configure:3805: checking for suffix of executables
configure:3812: gcc -o conftest    conftest.c  >&5
configure:3816: $? = 0
configure:3838: result: 
configure:3860: checking whether we are cross compiling
configure:3868: gcc -o conftest    conftest.c  >&5
configure:3872: $? = 0
configure:3879: ./conftest
configure:3883: $? = 0
configure:3898: result: no
configure:3903: checking for suffix of object files
configure:3925: gcc -c   conftest.c >&5
configure:3929: $? = 0
configure:3950: result: o
configure:3954: checking whether we are using the GNU C compiler
configure:3973: gcc -c   conftest.c >&5
configure:3973: $? = 0
configure:3982: result: yes
configure:3991: checking whether gcc accepts -g
configure:4011: gcc -c -g  conftest.c >&5
configure:4011: $? = 0
configure:4052: result: yes
configure:4069: checking for gcc option to enable C11 features
configure:4272: gcc  -c -g -O2  conftest.c >&5
configure:4272: $? = 0
configure:4286: result: none needed
configure:4588: checking whether the compiler is clang
configure:4609: gcc -c -g -O2  conftest.c >&5
configure:4609: $? = 0
configure:4617: result: no
configure:4621: checking for compiler option needed when checking for declarations
configure:4652: result: none
configure:4664: checking whether make supports the include directive
configure:4679: make -f confmf.GNU && cat confinc.out
this is the am__doit target
configure:4682: $? = 0
configure:4701: result: yes (GNU style)
configure:4726: checking dependency style of gcc
configure:4837: result: gcc3
configure:4910: checking for g++
configure:4926: found /bin/g++
configure:4937: result: g++
configure:4964: checking for C++ compiler version
configure:4973: g++ --version >&5
g++ (GCC) 8.5.0 20210514 (Red Hat 8.5.0-26)
Copyright (C) 2018 Free Software Foundation, Inc.
This is free software; see the source for copying conditions.  There is NO
warranty; not even for MERCHANTABILITY or FITNESS FOR A PARTICULAR PURPOSE.

configure:4984: $? = 0
configure:4973: g++ -v >&5
Using built-in specs.
COLLECT_GCC=g++
COLLECT_LTO_WRAPPER=/usr/libexec/gcc/x86_64-redhat-linux/8/lto-wrapper
OFFLOAD_TARGET_NAMES=nvptx-none
OFFLOAD_TARGET_DEFAULT=1
Target: x86_64-redhat-linux
Configured with: ../configure --enable-bootstrap --enable-languages=c,c++,fortran,lto --prefix=/usr --mandir=/usr/share/man --infodir=/usr/share/info --with-bugurl=http://bugs.almalinux.org/ --enable-shared --enable-threads=posix --enable-checking=release --enable-multilib --with-system-zlib --enable-__cxa_atexit --disable-libunwind-exceptions --enable-gnu-unique-object --enable-linker-build-id --with-gcc-major-version-only --with-linker-hash-style=gnu --enable-plugin --enable-initfini-array --with-isl --disable-libmpx --enable-offload-targets=nvptx-none --without-cuda-driver --enable-gnu-indirect-function --enable-cet --with-tune=generic --with-arch_32=x86-64 --build=x86_64-redhat-linux
Thread model: posix
gcc version 8.5.0 20210514 (Red Hat 8.5.0-26) (GCC) 
configure:4984: $? = 0
configure:4973: g++ -V >&5
g++: error: unrecognized command line option '-V'
g++: fatal error: no input files
compilation terminated.
configure:4984: $? = 1
configure:4973: g++ -qversion >&5
g++: error: unrecognized command line option '-qversion'; did you mean '--version'?
g++: fatal error: no input files
compilation terminated.
configure:4984: $? = 1
configure:4988: checking whether we are using the GNU C++ compiler
configure:5007: g++ -c   conftest.cpp >&5
configure:5007: $? = 0
configure:5016: result: yes
configure:5025: checking whether g++ accepts -g
configure:5045: g++ -c -g  conftest.cpp >&5
configure:5045: $? = 0
configure:5086: result: yes
configure:5103: checking for g++ option to enable C++11 features
configure:5339: g++  -c -g -O2  conftest.cpp >&5
configure:5339: $? = 0
configure:5353: result: none needed
configure:5526: checking dependency style of g++
configure:5637: result: gcc3
configure:5658: checking build system type
configure:5672: result: x86_64-pc-linux-gnu
configure:5692: checking host system type
configure:5705: result: x86_64-pc-linux-gnu
configure:5735: checking how to run the C preprocessor
configure:5766: gcc -E  conftest.c
configure:5766: $? = 0
configure:5780: gcc -E  conftest.c
conftest.c:11:10: fatal error: ac_nonexistent.h: No such file or directory
 #include <ac_nonexistent.h>
          ^~~~~~~~~~~~~~~~~~
compilation terminated.
configure:5780: $? = 1
configure: failed program was:
| /* confdefs.h */
| #define PACKAGE_NAME "libasprintf"
| #define PACKAGE_TARNAME "libasprintf"
| #define PACKAGE_VERSION "1.0"
| #define PACKAGE_STRING "libasprintf 1.0"
| #define PACKAGE_BUGREPORT ""
| #define PACKAGE_URL ""
| #define PACKAGE "libasprintf"
| #define VERSION "1.0"
| /* end confdefs.h.  */
| #include <ac_nonexistent.h>
configure:5805: result: gcc -E
configure:5825: gcc -E  conftest.c
configure:5825: $? = 0
configure:5839: gcc -E  conftest.c
conftest.c:11:10: fatal error: ac_nonexistent.h: No such file or directory
 #include <ac_nonexistent.h>
          ^~~~~~~~~~~~~~~~~~
compilation terminated.
configure:5839: $? = 1
configure: failed program was:
| /* confdefs.h */
| #define PACKAGE_NAME "libasprintf"
| #define PACKAGE_TARNAME "libasprintf"
| #define PACKAGE_VERSION "1.0"
| #define PACKAGE_STRING "libasprintf 1.0"
| #define PACKAGE_BUGREPORT ""
| #define PACKAGE_URL ""
| #define PACKAGE "libasprintf"
| #define VERSION "1.0"
| /* end confdefs.h.  */
| #include <ac_nonexistent.h>
configure:5868: checking for grep that handles long lines and -e
configure:5926: result: /bin/grep
configure:5931: checking for egrep
configure:5993: result: /bin/grep -E
configure:6001: checking for Minix Amsterdam compiler
configure:6025: result: no
configure:6082: checking for ar
configure:6098: found /bin/ar
configure:6109: result: ar
configure:6184: checking for ranlib
configure:6200: found /bin/ranlib
configure:6211: result: ranlib
configure:6346: checking how to print strings
configure:6373: result: printf
configure:6394: checking for a sed that does not truncate output
configure:6458: result: /bin/sed
configure:6476: checking for fgrep
configure:6538: result: /bin/grep -F
configure:6573: checking for ld used by gcc
configure:6640: result: /bin/ld
configure:6647: checking if the linker (/bin/ld) is GNU ld
configure:6662: result: yes
configure:6674: checking for BSD- or MS-compatible name lister (nm)
configure:6728: result: /bin/nm -B
configure:6858: checking the name lister (/bin/nm -B) interface
configure:6865: gcc -c -g -O2  conftest.c >&5
configure:6868: /bin/nm -B "conftest.o"
configure:6871: output
0000000000000000 B some_variable
configure:6878: result: BSD nm
configure:6881: checking whether ln -s works
configure:6885: result: yes
configure:6893: checking the maximum length of command line arguments
configure:7024: result: 1572864
configure:7072: checking how to convert x86_64-pc-linux-gnu file names to x86_64-pc-linux-gnu format
configure:7112: result: func_convert_file_noop
configure:7119: checking how to convert x86_64-pc-linux-gnu file names to toolchain format
configure:7139: result: func_convert_file_noop
configure:7146: checking for /bin/ld option to reload object files
configure:7153: result: -r
configure:7227: checking for objdump
configure:7243: found /bin/objdump
configure:7254: result: objdump
configure:7283: checking how to recognize dependent libraries
configure:7483: result: pass_all
configure:7568: checking for dlltool
configure:7598: result: no
configure:7625: checking how to associate runtime and link libraries
configure:7652: result: printf %s\n
configure:7776: checking for archiver @FILE support
configure:7793: gcc -c -g -O2  conftest.c >&5
configure:7793: $? = 0
configure:7796: ar cru libconftest.a @conftest.lst >&5
configure:7799: $? = 0
configure:7804: ar cru libconftest.a @conftest.lst >&5
ar: conftest.o: No such file or directory
configure:7807: $? = 1
configure:7819: result: @
configure:7877: checking for strip
configure:7893: found /bin/strip
configure:7904: result: strip
configure:7976: checking for ranlib
configure:8003: result: ranlib
configure:8105: checking command to parse /bin/nm -B output from gcc object
configure:8258: gcc -c -g -O2  conftest.c >&5
configure:8261: $? = 0
configure:8265: /bin/nm -B conftest.o \| sed -n -e 's/^.*[ ]\([ABCDGIRSTW][ABCDGIRSTW]*\)[ ][ ]*\([_A-Za-z][_A-Za-z0-9]*\)$/\1 \2 \2/p' | sed '/ __gnu_lto/d' \> conftest.nm
configure:8268: $? = 0
configure:8334: gcc -o conftest -g -O2   conftest.c conftstm.o >&5
configure:8337: $? = 0
configure:8375: result: ok
configure:8422: checking for sysroot
configure:8452: result: no
configure:8459: checking for a working dd
configure:8497: result: /bin/dd
configure:8501: checking how to truncate binary pipes
configure:8516: result: /bin/dd bs=4096 count=1
configure:8652: gcc -c -g -O2  conftest.c >&5
configure:8655: $? = 0
configure:8845: checking for mt
configure:8875: result: no
configure:8895: checking if : is a manifest tool
configure:8901: : '-?'
configure:8909: result: no
configure:9581: checking for ANSI C header files
configure:9601: gcc -c -g -O2  conftest.c >&5
configure:9601: $? = 0
configure:9674: gcc -o conftest -g -O2   conftest.c  >&5
configure:9674: $? = 0
configure:9674: ./conftest
configure:9674: $? = 0
configure:9685: result: yes
configure:9698: checking for sys/types.h
configure:9698: gcc -c -g -O2  conftest.c >&5
configure:9698: $? = 0
configure:9698: result: yes
configure:9698: checking for sys/stat.h
configure:9698: gcc -c -g -O2  conftest.c >&5
configure:9698: $? = 0
configure:9698: result: yes
configure:9698: checking for stdlib.h
configure:9698: gcc -c -g -O2  conftest.c >&5
configure:9698: $? = 0
configure:9698: result: yes
configure:9698: checking for string.h
configure:9698: gcc -c -g -O2  conftest.c >&5
configure:9698: $? = 0
configure:9698: result: yes
configure:9698: checking for memory.h
configure:9698: gcc -c -g -O2  conftest.c >&5
configure:9698: $? = 0
configure:9698: result: yes
configure:9698: checking for strings.h
configure:9698: gcc -c -g -O2  conftest.c >&5
configure:9698: $? = 0
configure:9698: result: yes
configure:9698: checking for inttypes.h
configure:9698: gcc -c -g -O2  conftest.c >&5
configure:9698: $? = 0
configure:9698: result: yes
configure:9698: checking for stdint.h
configure:9698: gcc -c -g -O2  conftest.c >&5
configure:9698: $? = 0
configure:9698: result: yes
configure:9698: checking for unistd.h
configure:9698: gcc -c -g -O2  conftest.c >&5
configure:9698: $? = 0
configure:9698: result: yes
configure:9712: checking for dlfcn.h
configure:9712: gcc -c -g -O2  conftest.c >&5
configure:9712: $? = 0
configure:9712: result: yes
configure:10277: checking for objdir
configure:10292: result: .libs
configure:10556: checking if gcc supports -fno-rtti -fno-exceptions
configure:10574: gcc -c -g -O2  -fno-rtti -fno-exceptions conftest.c >&5
cc1: warning: command line option '-fno-rtti' is valid for C++/ObjC++ but not for C
configure:10578: $? = 0
configure:10591: result: no
configure:10949: checking for gcc option to produce PIC
configure:10956: result: -fPIC -DPIC
configure:10964: checking if gcc PIC flag -fPIC -DPIC works
configure:10982: gcc -c -g -O2  -fPIC -DPIC -DPIC conftest.c >&5
configure:10986: $? = 0
configure:10999: result: yes
configure:11028: checking if gcc static flag -static works
configure:11056: result: no
configure:11071: checking if gcc supports -c -o file.o
configure:11092: gcc -c -g -O2  -o out/conftest2.o conftest.c >&5
configure:11096: $? = 0
configure:11118: result: yes
configure:11126: checking if gcc supports -c -o file.o
configure:11173: result: yes
configure:11206: checking whether the gcc linker (/bin/ld -m elf_x86_64) supports shared libraries
configure:12465: result: yes
configure:12502: checking whether -lc should be explicitly linked in
configure:12510: gcc -c -g -O2  conftest.c >&5
configure:12513: $? = 0
configure:12528: gcc -shared  -fPIC -DPIC conftest.o  -v -Wl,-soname -Wl,conftest -o conftest 2\>\&1 \| /bin/grep  -lc  \>/dev/null 2\>\&1
configure:12531: $? = 0
configure:12545: result: no
configure:12705: checking dynamic linker characteristics
configure:13286: gcc -o conftest -g -O2   -Wl,-rpath -Wl,/foo conftest.c  >&5
configure:13286: $? = 0
configure:13523: result: GNU/Linux ld.so
configure:13645: checking how to hardcode library paths into programs
configure:13670: result: immediate
configure:14218: checking whether stripping libraries is possible
configure:14223: result: yes
configure:14258: checking if libtool supports shared libraries
configure:14260: result: yes
configure:14263: checking whether to build shared libraries
configure:14288: result: yes
configure:14291: checking whether to build static libraries
configure:14295: result: yes
configure:14318: checking how to run the C++ preprocessor
configure:14345: g++ -E  conftest.cpp
configure:14345: $? = 0
configure:14359: g++ -E  conftest.cpp
conftest.cpp:23:10: fatal error: ac_nonexistent.h: No such file or directory
 #include <ac_nonexistent.h>
          ^~~~~~~~~~~~~~~~~~
compilation terminated.
configure:14359: $? = 1
configure: failed program was:
| /* confdefs.h */
| #define PACKAGE_NAME "libasprintf"
| #define PACKAGE_TARNAME "libasprintf"
| #define PACKAGE_VERSION "1.0"
| #define PACKAGE_STRING "libasprintf 1.0"
| #define PACKAGE_BUGREPORT ""
| #define PACKAGE_URL ""
| #define PACKAGE "libasprintf"
| #define VERSION "1.0"
| #define STDC_HEADERS 1
| #define HAVE_SYS_TYPES_H 1
| #define HAVE_SYS_STAT_H 1
| #define HAVE_STDLIB_H 1
| #define HAVE_STRING_H 1
| #define HAVE_MEMORY_H 1
| #define HAVE_STRINGS_H 1
| #define HAVE_INTTYPES_H 1
| #define HAVE_STDINT_H 1
| #define HAVE_UNISTD_H 1
| #define HAVE_DLFCN_H 1
| #define LT_OBJDIR ".libs/"
| /* end confdefs.h.  */
| #include <ac_nonexistent.h>
configure:14384: result: g++ -E
configure:14404: g++ -E  conftest.cpp
configure:14404: $? = 0
configure:14418: g++ -E  conftest.cpp
conftest.cpp:23:10: fatal error: ac_nonexistent.h: No such file or directory
 #include <ac_nonexistent.h>
          ^~~~~~~~~~~~~~~~~~
compilation terminated.
configure:14418: $? = 1
configure: failed program was:
| /* confdefs.h */
| #define PACKAGE_NAME "libasprintf"
| #define PACKAGE_TARNAME "libasprintf"
| #define PACKAGE_VERSION "1.0"
| #define PACKAGE_STRING "libasprintf 1.0"
| #define PACKAGE_BUGREPORT ""
| #define PACKAGE_URL ""
| #define PACKAGE "libasprintf"
| #define VERSION "1.0"
| #define STDC_HEADERS 1
| #define HAVE_SYS_TYPES_H 1
| #define HAVE_SYS_STAT_H 1
| #define HAVE_STDLIB_H 1
| #define HAVE_STRING_H 1
| #define HAVE_MEMORY_H 1
| #define HAVE_STRINGS_H 1
| #define HAVE_INTTYPES_H 1
| #define HAVE_STDINT_H 1
| #define HAVE_UNISTD_H 1
| #define HAVE_DLFCN_H 1
| #define LT_OBJDIR ".libs/"
| /* end confdefs.h.  */
| #include <ac_nonexistent.h>
configure:14580: checking for ld used by g++
configure:14647: result: /bin/ld -m elf_x86_64
configure:14654: checking if the linker (/bin/ld -m elf_x86_64) is GNU ld
configure:14669: result: yes
configure:14724: checking whether the g++ linker (/bin/ld -m elf_x86_64) supports shared libraries
configure:15797: result: yes
configure:15833: g++ -c -g -O2  conftest.cpp >&5
configure:15836: $? = 0
configure:16317: checking for g++ option to produce PIC
configure:16324: result: -fPIC -DPIC
configure:16332: checking if g++ PIC flag -fPIC -DPIC works
configure:16350: g++ -c -g -O2  -fPIC -DPIC -DPIC conftest.cpp >&5
configure:16354: $? = 0
configure:16367: result: yes
configure:16390: checking if g++ static flag -static works
configure:16418: result: no
configure:16430: checking if g++ supports -c -o file.o
configure:16451: g++ -c -g -O2  -o out/conftest2.o conftest.cpp >&5
configure:16455: $? = 0
configure:16477: result: yes
configure:16482: checking if g++ supports -c -o file.o
configure:16529: result: yes
configure:16559: checking whether the g++ linker (/bin/ld -m elf_x86_64) supports shared libraries
configure:16599: result: yes
configure:16740: checking dynamic linker characteristics
configure:17485: result: GNU/Linux ld.so
configure:17550: checking how to hardcode library paths into programs
configure:17575: result: immediate
configure:17680: checking for windres
configure:17710: result: no
configure:17832: checking features.h usability
configure:17832: gcc -c -g -O2  conftest.c >&5
configure:17832: $? = 0
configure:17832: result: yes
configure:17832: checking features.h presence
configure:17832: gcc -E  conftest.c
configure:17832: $? = 0
configure:17832: result: yes
configure:17832: checking for features.h
configure:17832: result: yes
configure:17843: checking for inline
configure:17859: gcc -c -g -O2  conftest.c >&5
configure:17859: $? = 0
configure:17867: result: inline
configure:17885: checking for size_t
configure:17885: gcc -c -g -O2  conftest.c >&5
configure:17885: $? = 0
configure:17885: gcc -c -g -O2  conftest.c >&5
conftest.c: In function 'main':
conftest.c:60:21: error: expected expression before ')' token
 if (sizeof ((size_t)))
                     ^
configure:17885: $? = 1
configure: failed program was:
| /* confdefs.h */
| #define PACKAGE_NAME "libasprintf"
| #define PACKAGE_TARNAME "libasprintf"
| #define PACKAGE_VERSION "1.0"
| #define PACKAGE_STRING "libasprintf 1.0"
| #define PACKAGE_BUGREPORT ""
| #define PACKAGE_URL ""
| #define PACKAGE "libasprintf"
| #define VERSION "1.0"
| #define STDC_HEADERS 1
| #define HAVE_SYS_TYPES_H 1
| #define HAVE_SYS_STAT_H 1
| #define HAVE_STDLIB_H 1
| #define HAVE_STRING_H 1
| #define HAVE_MEMORY_H 1
| #define HAVE_STRINGS_H 1
| #define HAVE_INTTYPES_H 1
| #define HAVE_STDINT_H 1
| #define HAVE_UNISTD_H 1
| #define HAVE_DLFCN_H 1
| #define LT_OBJDIR ".libs/"
| #define HAVE_FEATURES_H 1
| /* end confdefs.h.  */
| #include <stdio.h>
| #ifdef HAVE_SYS_TYPES_H
| # include <sys/types.h>
| #endif
| #ifdef HAVE_SYS_STAT_H
| # include <sys/stat.h>
| #endif
| #ifdef STDC_HEADERS
| # include <stdlib.h>
| # include <stddef.h>
| #else
| # ifdef HAVE_STDLIB_H
| #  include <stdlib.h>
| # endif
| #endif
| #ifdef HAVE_STRING_H
| # if !defined STDC_HEADERS && defined HAVE_MEMORY_H
| #  include <memory.h>
| # endif
| # include <string.h>
| #endif
| #ifdef HAVE_STRINGS_H
| # include <strings.h>
| #endif
| #ifdef HAVE_INTTYPES_H
| # include <inttypes.h>
| #endif
| #ifdef HAVE_STDINT_H
| # include <stdint.h>
| #endif
| #ifdef HAVE_UNISTD_H
| # include <unistd.h>
| #endif
| int
| main ()
| {
| if (sizeof ((size_t)))
| 	    return 0;
|   ;
|   return 0;
| }
configure:17885: result: yes
configure:17897: checking for unsigned long long int
configure:17936: gcc -o conftest -g -O2   conftest.c  >&5
configure:17936: $? = 0
configure:17945: result: yes
configure:17955: checking for long long int
configure:17993: gcc -o conftest -g -O2   conftest.c  >&5
configure:17993: $? = 0
configure:17993: ./conftest
configure:17993: $? = 0
configure:18005: result: yes
configure:18014: checking for wchar_t
configure:18031: gcc -c -g -O2  conftest.c >&5
configure:18031: $? = 0
configure:18038: result: yes
configure:18047: checking for wint_t
configure:18072: gcc -c -g -O2  conftest.c >&5
configure:18072: $? = 0
configure:18079: result: yes
configure:18086: checking whether wint_t is too small
configure:18114: gcc -c -g -O2  conftest.c >&5
configure:18114: $? = 0
configure:18121: result: no
configure:18133: checking for mbstate_t
configure:18150: gcc -c -g -O2  conftest.c >&5
configure:18150: $? = 0
configure:18157: result: yes
configure:18168: checking for ptrdiff_t
configure:18168: gcc -c -g -O2  conftest.c >&5
configure:18168: $? = 0
configure:18168: gcc -c -g -O2  conftest.c >&5
conftest.c: In function 'main':
conftest.c:65:24: error: expected expression before ')' token
 if (sizeof ((ptrdiff_t)))
                        ^
configure:18168: $? = 1
configure: failed program was:
| /* confdefs.h */
| #define PACKAGE_NAME "libasprintf"
| #define PACKAGE_TARNAME "libasprintf"
| #define PACKAGE_VERSION "1.0"
| #define PACKAGE_STRING "libasprintf 1.0"
| #define PACKAGE_BUGREPORT ""
| #define PACKAGE_URL ""
| #define PACKAGE "libasprintf"
| #define VERSION "1.0"
| #define STDC_HEADERS 1
| #define HAVE_SYS_TYPES_H 1
| #define HAVE_SYS_STAT_H 1
| #define HAVE_STDLIB_H 1
| #define HAVE_STRING_H 1
| #define HAVE_MEMORY_H 1
| #define HAVE_STRINGS_H 1
| #define HAVE_INTTYPES_H 1
| #define HAVE_STDINT_H 1
| #define HAVE_UNISTD_H 1
| #define HAVE_DLFCN_H 1
| #define LT_OBJDIR ".libs/"
| #define HAVE_FEATURES_H 1
| #define HAVE_UNSIGNED_LONG_LONG_INT 1
| #define HAVE_LONG_LONG_INT 1
| #define HAVE_WCHAR_T 1
| #define HAVE_WINT_T 1
| #define HAVE_MBSTATE_T 1
| /* end confdefs.h.  */
| #include <stdio.h>
| #ifdef HAVE_SYS_TYPES_H
| # include <sys/types.h>
| #endif
| #ifdef HAVE_SYS_STAT_H
| # include <sys/stat.h>
| #endif
| #ifdef STDC_HEADERS
| # include <stdlib.h>
| # include <stddef.h>
| #else
| # ifdef HAVE_STDLIB_H
| #  include <stdlib.h>
| # endif
| #endif
| #ifdef HAVE_STRING_H
| # if !defined STDC_HEADERS && defined HAVE_MEMORY_H
| #  include <memory.h>
| # endif
| # include <string.h>
| #endif
| #ifdef HAVE_STRINGS_H
| # include <strings.h>
| #endif
| #ifdef HAVE_INTTYPES_H
| # include <inttypes.h>
| #endif
| #ifdef HAVE_STDINT_H
| # include <stdint.h>
| #endif
| #ifdef HAVE_UNISTD_H
| # include <unistd.h>
| #endif
| int
| main ()
| {
| if (sizeof ((ptrdiff_t)))
| 	    return 0;
|   ;
|   return 0;
| }
configure:18168: result: yes
configure:18179: checking for inttypes.h
configure:18198: gcc -c -g -O2  conftest.c >&5
configure:18198: $? = 0
configure:18205: result: yes
configure:18216: checking for stdint.h
configure:18233: gcc -c -g -O2  conftest.c >&5
configure:18233: $? = 0
configure:18240: result: yes
configure:18268: checking for stdint.h
configure:18268: result: yes
configure:18278: checking for SIZE_MAX
configure:18349: result: yes
configure:18364: checking for stdint.h
configure:18364: result: yes
configure:18410: checking for working alloca.h
configure:18427: gcc -o conftest -g -O2   conftest.c  >&5
configure:18427: $? = 0
configure:18435: result: yes
configure:18443: checking for alloca
configure:18480: gcc -o conftest -g -O2   conftest.c  >&5
configure:18480: $? = 0
configure:18488: result: yes
configure:18559: checking whether the preprocessor supports include_next
configure:18597: gcc -c -g -O2  -Iconftestd1b -Iconftestd2 conftest.c >&5
configure:18597: $? = 0
configure:18618: result: yes
configure:18639: checking whether system header files limit the line length
configure:18662: result: no
configure:18673: checking for complete errno.h
configure:18746: result: yes
configure:19082: checking for alloca as a compiler built-in
configure:19106: result: yes
configure:19141: checking for stdint.h
configure:19141: result: yes
configure:19151: checking for SIZE_MAX
configure:19222: result: yes
configure:19237: checking for stdint.h
configure:19237: result: yes
configure:19285: checking for snprintf
configure:19285: gcc -o conftest -g -O2   conftest.c  >&5
conftest.c:62:6: warning: conflicting types for built-in function 'snprintf' [-Wbuiltin-declaration-mismatch]
 char snprintf ();
      ^~~~~~~~
configure:19285: $? = 0
configure:19285: result: yes
configure:19285: checking for vasprintf
configure:19285: gcc -o conftest -g -O2   conftest.c  >&5
configure:19285: $? = 0
configure:19285: result: yes
configure:19285: checking for strnlen
configure:19285: gcc -o conftest -g -O2   conftest.c  >&5
configure:19285: $? = 0
configure:19285: result: yes
configure:19285: checking for wcslen
configure:19285: gcc -o conftest -g -O2   conftest.c  >&5
configure:19285: $? = 0
configure:19285: result: yes
configure:19285: checking for wcsnlen
configure:19285: gcc -o conftest -g -O2   conftest.c  >&5
configure:19285: $? = 0
configure:19285: result: yes
configure:19285: checking for mbrtowc
configure:19285: gcc -o conftest -g -O2   conftest.c  >&5
configure:19285: $? = 0
configure:19285: result: yes
configure:19285: checking for wcrtomb
configure:19285: gcc -o conftest -g -O2   conftest.c  >&5
configure:19285: $? = 0
configure:19285: result: yes
configure:19294: checking whether _snprintf is declared
configure:19294: gcc -c -g -O2  conftest.c >&5
conftest.c: In function 'main':
conftest.c:55:10: error: '_snprintf' undeclared (first use in this function); did you mean 'vsnprintf'?
   (void) _snprintf;
          ^~~~~~~~~
          vsnprintf
conftest.c:55:10: note: each undeclared identifier is reported only once for each function it appears in
configure:19294: $? = 1
configure: failed program was:
| /* confdefs.h */
| #define PACKAGE_NAME "libasprintf"
| #define PACKAGE_TARNAME "libasprintf"
| #define PACKAGE_VERSION "1.0"
| #define PACKAGE_STRING "libasprintf 1.0"
| #define PACKAGE_BUGREPORT ""
| #define PACKAGE_URL ""
| #define PACKAGE "libasprintf"
| #define VERSION "1.0"
| #define STDC_HEADERS 1
| #define HAVE_SYS_TYPES_H 1
| #define HAVE_SYS_STAT_H 1
| #define HAVE_STDLIB_H 1
| #define HAVE_STRING_H 1
| #define HAVE_MEMORY_H 1
| #define HAVE_STRINGS_H 1
| #define HAVE_INTTYPES_H 1
| #define HAVE_STDINT_H 1
| #define HAVE_UNISTD_H 1
| #define HAVE_DLFCN_H 1
| #define LT_OBJDIR ".libs/"
| #define HAVE_FEATURES_H 1
| #define HAVE_UNSIGNED_LONG_LONG_INT 1
| #define HAVE_LONG_LONG_INT 1
| #define HAVE_WCHAR_T 1
| #define HAVE_WINT_T 1
| #define HAVE_MBSTATE_T 1
| #define HAVE_INTTYPES_H_WITH_UINTMAX 1
| #define HAVE_STDINT_H_WITH_UINTMAX 1
| #define HAVE_INTMAX_T 1
| #define HAVE_STDINT_H 1
| #define HAVE_STDINT_H 1
| #define HAVE_ALLOCA_H 1
| #define HAVE_ALLOCA 1
| #define HAVE_ALLOCA 1
| #define HAVE_STDINT_H 1
| #define HAVE_STDINT_H 1
| #define HAVE_SNPRINTF 1
| #define HAVE_VASPRINTF 1
| #define HAVE_STRNLEN 1
| #define HAVE_WCSLEN 1
| #define HAVE_WCSNLEN 1
| #define HAVE_MBRTOWC 1
| #define HAVE_WCRTOMB 1
| /* end confdefs.h.  */
| #include <stdio.h>
| 
| int
| main ()
| {
| #ifndef _snprintf
| #ifdef __cplusplus
|   (void) _snprintf;
| #else
|   (void) _snprintf;
| #endif
| #endif
| 
|   ;
|   return 0;
| }
configure:19294: result: no
configure:19308: checking whether printf() supports POSIX/XSI format strings
configure:19349: gcc -o conftest -g -O2   conftest.c  >&5
configure:19349: $? = 0
configure:19349: ./conftest
configure:19349: $? = 0
configure:19360: result: yes
configure:19374: checking for dvips
configure:19405: result: /home/hdmsofob/gaddisa/gettext-0.21/build-aux/missing dvips
configure:19415: checking for texi2pdf
configure:19446: result: /home/hdmsofob/gaddisa/gettext-0.21/build-aux/missing texi2pdf
configure:19456: checking for perl
configure:19474: found /bin/perl
configure:19487: result: /bin/perl
configure:19608: checking that generated files are newer than configure
configure:19614: result: done
configure:19689: creating ./config.status

## ---------------------- ##
## Running config.status. ##
## ---------------------- ##

This file was extended by libasprintf config.status 1.0, which was
generated by GNU Autoconf 2.69.  Invocation command line was

  CONFIG_FILES    = 
  CONFIG_HEADERS  = 
  CONFIG_LINKS    = 
  CONFIG_COMMANDS = 
  $ ./config.status 

on s3181.fra1.stableserver.net

config.status:1260: creating Makefile
config.status:1260: creating config.h
config.status:1489: executing depfiles commands
config.status:1489: executing libtool commands

## ---------------- ##
## Cache variables. ##
## ---------------- ##

ac_cv_build=x86_64-pc-linux-gnu
ac_cv_c_compiler_gnu=yes
ac_cv_c_inline=inline
ac_cv_cxx_compiler_gnu=yes
ac_cv_env_CCC_set=
ac_cv_env_CCC_value=
ac_cv_env_CC_set=
ac_cv_env_CC_value=
ac_cv_env_CFLAGS_set=
ac_cv_env_CFLAGS_value=
ac_cv_env_CPPFLAGS_set=
ac_cv_env_CPPFLAGS_value=
ac_cv_env_CPP_set=
ac_cv_env_CPP_value=
ac_cv_env_CXXCPP_set=
ac_cv_env_CXXCPP_value=
ac_cv_env_CXXFLAGS_set=
ac_cv_env_CXXFLAGS_value=
ac_cv_env_CXX_set=
ac_cv_env_CXX_value=
ac_cv_env_LDFLAGS_set=
ac_cv_env_LDFLAGS_value=
ac_cv_env_LIBS_set=
ac_cv_env_LIBS_value=
ac_cv_env_LT_SYS_LIBRARY_PATH_set=
ac_cv_env_LT_SYS_LIBRARY_PATH_value=
ac_cv_env_build_alias_set=
ac_cv_env_build_alias_value=
ac_cv_env_host_alias_set=
ac_cv_env_host_alias_value=
ac_cv_env_target_alias_set=
ac_cv_env_target_alias_value=
ac_cv_func_alloca_works=yes
ac_cv_func_mbrtowc=yes
ac_cv_func_snprintf=yes
ac_cv_func_strnlen=yes
ac_cv_func_vasprintf=yes
ac_cv_func_wcrtomb=yes
ac_cv_func_wcslen=yes
ac_cv_func_wcsnlen=yes
ac_cv_have_decl__snprintf=no
ac_cv_header_dlfcn_h=yes
ac_cv_header_features_h=yes
ac_cv_header_inttypes_h=yes
ac_cv_header_memory_h=yes
ac_cv_header_stdc=yes
ac_cv_header_stdint_h=yes
ac_cv_header_stdlib_h=yes
ac_cv_header_string_h=yes
ac_cv_header_strings_h=yes
ac_cv_header_sys_stat_h=yes
ac_cv_header_sys_types_h=yes
ac_cv_header_unistd_h=yes
ac_cv_host=x86_64-pc-linux-gnu
ac_cv_objext=o
ac_cv_path_DVIPS='/home/hdmsofob/gaddisa/gettext-0.21/build-aux/missing dvips'
ac_cv_path_EGREP='/bin/grep -E'
ac_cv_path_FGREP='/bin/grep -F'
ac_cv_path_GREP=/bin/grep
ac_cv_path_PERL=/bin/perl
ac_cv_path_SED=/bin/sed
ac_cv_path_TEXI2PDF='/home/hdmsofob/gaddisa/gettext-0.21/build-aux/missing texi2pdf'
ac_cv_path_install='/bin/install -c'
ac_cv_path_lt_DD=/bin/dd
ac_cv_path_mkdir=/bin/mkdir
ac_cv_prog_AWK=gawk
ac_cv_prog_CPP='gcc -E'
ac_cv_prog_CXXCPP='g++ -E'
ac_cv_prog_ac_ct_AR=ar
ac_cv_prog_ac_ct_CC=gcc
ac_cv_prog_ac_ct_CXX=g++
ac_cv_prog_ac_ct_OBJDUMP=objdump
ac_cv_prog_ac_ct_RANLIB=ranlib
ac_cv_prog_ac_ct_STRIP=strip
ac_cv_prog_cc_c11=
ac_cv_prog_cc_g=yes
ac_cv_prog_cc_stdc=
ac_cv_prog_cxx_cxx11=
ac_cv_prog_cxx_cxx98=
ac_cv_prog_cxx_g=yes
ac_cv_prog_cxx_stdcxx=
ac_cv_prog_make_make_set=yes
ac_cv_type_long_long_int=yes
ac_cv_type_mbstate_t=yes
ac_cv_type_ptrdiff_t=yes
ac_cv_type_size_t=yes
ac_cv_type_unsigned_long_long_int=yes
ac_cv_working_alloca_h=yes
am_cv_CC_dependencies_compiler_type=gcc3
am_cv_CXX_dependencies_compiler_type=gcc3
am_cv_make_support_nested_variables=yes
gl_cv_c_amsterdam_compiler=no
gl_cv_compiler_check_decl_option=none
gl_cv_compiler_clang=no
gl_cv_have_include_next=yes
gl_cv_header_errno_h_complete=yes
gl_cv_header_inttypes_h=yes
gl_cv_header_stdint_h=yes
gl_cv_pragma_columns=no
gl_cv_rpl_alloca=yes
gl_cv_size_max=yes
gl_cv_type_wint_t_too_small=no
gt_cv_c_wchar_t=yes
gt_cv_c_wint_t=yes
gt_cv_func_printf_posix=yes
lt_cv_ar_at_file=@
lt_cv_archive_cmds_need_lc=no
lt_cv_deplibs_check_method=pass_all
lt_cv_file_magic_cmd='$MAGIC_CMD'
lt_cv_file_magic_test_file=
lt_cv_ld_reload_flag=-r
lt_cv_nm_interface='BSD nm'
lt_cv_objdir=.libs
lt_cv_path_LD=/bin/ld
lt_cv_path_LDCXX='/bin/ld -m elf_x86_64'
lt_cv_path_NM='/bin/nm -B'
lt_cv_path_mainfest_tool=no
lt_cv_prog_compiler_c_o=yes
lt_cv_prog_compiler_c_o_CXX=yes
lt_cv_prog_compiler_c_o_RC=yes
lt_cv_prog_compiler_pic='-fPIC -DPIC'
lt_cv_prog_compiler_pic_CXX='-fPIC -DPIC'
lt_cv_prog_compiler_pic_works=yes
lt_cv_prog_compiler_pic_works_CXX=yes
lt_cv_prog_compiler_rtti_exceptions=no
lt_cv_prog_compiler_static_works=no
lt_cv_prog_compiler_static_works_CXX=no
lt_cv_prog_gnu_ld=yes
lt_cv_prog_gnu_ldcxx=yes
lt_cv_sharedlib_from_linklib_cmd='printf %s\n'
lt_cv_shlibpath_overrides_runpath=no
lt_cv_sys_global_symbol_pipe='sed -n -e '\''s/^.*[	 ]\([ABCDGIRSTW][ABCDGIRSTW]*\)[	 ][	 ]*\([_A-Za-z][_A-Za-z0-9]*\)$/\1 \2 \2/p'\'' | sed '\''/ __gnu_lto/d'\'''
lt_cv_sys_global_symbol_to_c_name_address='sed -n -e '\''s/^: \(.*\) .*$/  {"\1", (void *) 0},/p'\'' -e '\''s/^[ABCDGIRSTW][ABCDGIRSTW]* .* \(.*\)$/  {"\1", (void *) \&\1},/p'\'''
lt_cv_sys_global_symbol_to_c_name_address_lib_prefix='sed -n -e '\''s/^: \(.*\) .*$/  {"\1", (void *) 0},/p'\'' -e '\''s/^[ABCDGIRSTW][ABCDGIRSTW]* .* \(lib.*\)$/  {"\1", (void *) \&\1},/p'\'' -e '\''s/^[ABCDGIRSTW][ABCDGIRSTW]* .* \(.*\)$/  {"lib\1", (void *) \&\1},/p'\'''
lt_cv_sys_global_symbol_to_cdecl='sed -n -e '\''s/^T .* \(.*\)$/extern int \1();/p'\'' -e '\''s/^[ABCDGIRSTW][ABCDGIRSTW]* .* \(.*\)$/extern char \1;/p'\'''
lt_cv_sys_global_symbol_to_import=
lt_cv_sys_max_cmd_len=1572864
lt_cv_to_host_file_cmd=func_convert_file_noop
lt_cv_to_tool_file_cmd=func_convert_file_noop
lt_cv_truncate_bin='/bin/dd bs=4096 count=1'

## ----------------- ##
## Output variables. ##
## ----------------- ##

ACLOCAL='${SHELL} /home/hdmsofob/gaddisa/gettext-0.21/build-aux/missing aclocal-1.16'
ALLOCA=''
ALLOCA_H='alloca.h'
AMDEPBACKSLASH='\'
AMDEP_FALSE='#'
AMDEP_TRUE=''
AMTAR='$${TAR-tar}'
AM_BACKSLASH='\'
AM_DEFAULT_V='$(AM_DEFAULT_VERBOSITY)'
AM_DEFAULT_VERBOSITY='1'
AM_V='$(V)'
AR='ar'
ARFLAGS='cr'
AS='as'
AUTOCONF='${SHELL} /home/hdmsofob/gaddisa/gettext-0.21/build-aux/missing autoconf'
AUTOHEADER='${SHELL} /home/hdmsofob/gaddisa/gettext-0.21/build-aux/missing autoheader'
AUTOMAKE='${SHELL} /home/hdmsofob/gaddisa/gettext-0.21/build-aux/missing automake-1.16'
AWK='gawk'
CC='gcc'
CCDEPMODE='depmode=gcc3'
CFLAGS='-g -O2'
CPP='gcc -E'
CPPFLAGS=''
CXX='g++'
CXXCPP='g++ -E'
CXXDEPMODE='depmode=gcc3'
CXXFLAGS='-g -O2'
CYGPATH_W='echo'
DEFS='-DHAVE_CONFIG_H'
DEPDIR='.deps'
DLLTOOL='false'
DSYMUTIL=''
DUMPBIN=''
DVIPS='/home/hdmsofob/gaddisa/gettext-0.21/build-aux/missing dvips'
ECHO_C=''
ECHO_N='-n'
ECHO_T=''
EGREP='/bin/grep -E'
EMULTIHOP_HIDDEN=''
EMULTIHOP_VALUE=''
ENOLINK_HIDDEN=''
ENOLINK_VALUE=''
EOVERFLOW_HIDDEN=''
EOVERFLOW_VALUE=''
ERRNO_H=''
EXEEXT=''
FGREP='/bin/grep -F'
GL_COND_LIBTOOL_FALSE='#'
GL_COND_LIBTOOL_TRUE=''
GL_GENERATE_ALLOCA_H_FALSE='#'
GL_GENERATE_ALLOCA_H_TRUE=''
GL_GENERATE_ERRNO_H_FALSE=''
GL_GENERATE_ERRNO_H_TRUE='#'
GNULIB_OVERRIDES_WINT_T='0'
GREP='/bin/grep'
HAVE_ALLOCA_H='1'
INCLUDE_NEXT='include_next'
INCLUDE_NEXT_AS_FIRST_DIRECTIVE='include_next'
INSTALL_DATA='${INSTALL} -m 644'
INSTALL_PROGRAM='${INSTALL}'
INSTALL_SCRIPT='${INSTALL}'
INSTALL_STRIP_PROGRAM='$(install_sh) -c -s'
LD='/bin/ld -m elf_x86_64'
LDFLAGS=''
LIBOBJS=''
LIBS=''
LIBTOOL='/bin/sh $(top_builddir)/libtool'
LIPO=''
LN_S='ln -s'
LTALLOCA=''
LTLIBOBJS=''
LTNOUNDEF=''
LT_SYS_LIBRARY_PATH=''
MAKEINFO='${SHELL} /home/hdmsofob/gaddisa/gettext-0.21/build-aux/missing makeinfo'
MANIFEST_TOOL=':'
MKDIR_P='/bin/mkdir -p'
NEXT_AS_FIRST_DIRECTIVE_ERRNO_H=''
NEXT_ERRNO_H=''
NM='/bin/nm -B'
NMEDIT=''
OBJDUMP='objdump'
OBJEXT='o'
OTOOL64=''
OTOOL=''
PACKAGE='libasprintf'
PACKAGE_BUGREPORT=''
PACKAGE_NAME='libasprintf'
PACKAGE_STRING='libasprintf 1.0'
PACKAGE_TARNAME='libasprintf'
PACKAGE_URL=''
PACKAGE_VERSION='1.0'
PATH_SEPARATOR=':'
PERL='/bin/perl'
PRAGMA_COLUMNS=''
PRAGMA_SYSTEM_HEADER='#pragma GCC system_header'
RANLIB='ranlib'
RC=''
SED='/bin/sed'
SET_MAKE=''
SHELL='/bin/sh'
STRIP='strip'
TEXI2PDF='/home/hdmsofob/gaddisa/gettext-0.21/build-aux/missing texi2pdf'
VERSION='1.0'
WOE32_FALSE=''
WOE32_TRUE='#'
ac_ct_AR='ar'
ac_ct_CC='gcc'
ac_ct_CXX='g++'
ac_ct_DUMPBIN=''
am__EXEEXT_FALSE=''
am__EXEEXT_TRUE='#'
am__fastdepCC_FALSE='#'
am__fastdepCC_TRUE=''
am__fastdepCXX_FALSE='#'
am__fastdepCXX_TRUE=''
am__include='include'
am__isrc=''
am__leading_dot='.'
am__nodep='_no'
am__quote=''
am__tar='$${TAR-tar} chof - "$$tardir"'
am__untar='$${TAR-tar} xf -'
bindir='${exec_prefix}/bin'
build='x86_64-pc-linux-gnu'
build_alias=''
build_cpu='x86_64'
build_os='linux-gnu'
build_vendor='pc'
datadir='${datarootdir}'
datarootdir='${prefix}/share'
docdir='${datarootdir}/doc/${PACKAGE_TARNAME}'
dvidir='${docdir}'
exec_prefix='${prefix}'
gl_LIBOBJS=''
gl_LTLIBOBJS=''
gltests_LIBOBJS=''
gltests_LTLIBOBJS=''
gltests_WITNESS='IN_LIBASPRINTF_GNULIB_TESTS'
host='x86_64-pc-linux-gnu'
host_alias=''
host_cpu='x86_64'
host_os='linux-gnu'
host_vendor='pc'
htmldir='${docdir}'
includedir='${prefix}/include'
infodir='${datarootdir}/info'
install_sh='${SHELL} /home/hdmsofob/gaddisa/gettext-0.21/build-aux/install-sh'
libdir='${exec_prefix}/lib'
libexecdir='${exec_prefix}/libexec'
localedir='${datarootdir}/locale'
localstatedir='${prefix}/var'
mandir='${datarootdir}/man'
mkdir_p='$(MKDIR_P)'
oldincludedir='/usr/include'
pdfdir='${docdir}'
prefix='/home/hdmsofob/gettext'
program_transform_name='s,x,x,'
psdir='${docdir}'
sbindir='${exec_prefix}/sbin'
sharedstatedir='${prefix}/com'
sysconfdir='${prefix}/etc'
target_alias=''

## ----------- ##
## confdefs.h. ##
## ----------- ##

/* confdefs.h */
#define PACKAGE_NAME "libasprintf"
#define PACKAGE_TARNAME "libasprintf"
#define PACKAGE_VERSION "1.0"
#define PACKAGE_STRING "libasprintf 1.0"
#define PACKAGE_BUGREPORT ""
#define PACKAGE_URL ""
#define PACKAGE "libasprintf"
#define VERSION "1.0"
#define STDC_HEADERS 1
#define HAVE_SYS_TYPES_H 1
#define HAVE_SYS_STAT_H 1
#define HAVE_STDLIB_H 1
#define HAVE_STRING_H 1
#define HAVE_MEMORY_H 1
#define HAVE_STRINGS_H 1
#define HAVE_INTTYPES_H 1
#define HAVE_STDINT_H 1
#define HAVE_UNISTD_H 1
#define HAVE_DLFCN_H 1
#define LT_OBJDIR ".libs/"
#define HAVE_FEATURES_H 1
#define HAVE_UNSIGNED_LONG_LONG_INT 1
#define HAVE_LONG_LONG_INT 1
#define HAVE_WCHAR_T 1
#define HAVE_WINT_T 1
#define HAVE_MBSTATE_T 1
#define HAVE_INTTYPES_H_WITH_UINTMAX 1
#define HAVE_STDINT_H_WITH_UINTMAX 1
#define HAVE_INTMAX_T 1
#define HAVE_STDINT_H 1
#define HAVE_STDINT_H 1
#define HAVE_ALLOCA_H 1
#define HAVE_ALLOCA 1
#define HAVE_ALLOCA 1
#define HAVE_STDINT_H 1
#define HAVE_STDINT_H 1
#define HAVE_SNPRINTF 1
#define HAVE_VASPRINTF 1
#define HAVE_STRNLEN 1
#define HAVE_WCSLEN 1
#define HAVE_WCSNLEN 1
#define HAVE_MBRTOWC 1
#define HAVE_WCRTOMB 1
#define HAVE_DECL__SNPRINTF 0
#define HAVE_POSIX_PRINTF 1

configure: exit 0
